<?xml version="1.0" encoding="UTF-8"?>
<!-- Generated by org.testng.reporters.JUnitReportReporter -->
<testsuite hostname="BNGO-W7" name="TestNGOnePackage.dataProvider" tests="2" failures="0" timestamp="12 Feb 2015 06:00:19 GMT" time="79.660" errors="0">
  <testcase name="f" time="79.017" classname="TestNGOnePackage.dataProvider"/>
  <testcase name="f" time="0.643" classname="TestNGOnePackage.dataProvider"/>
</testsuite> <!-- TestNGOnePackage.dataProvider -->
