<?xml version="1.0" encoding="UTF-8"?>
<!-- Generated by org.testng.reporters.JUnitReportReporter -->
<testsuite hostname="BNGO-W7" name="TestNGOnePackage.ClassOne" tests="2" failures="0" timestamp="19 Feb 2015 05:54:10 GMT" time="4.233" errors="0">
  <testcase name="f" time="3.588" classname="TestNGOnePackage.ClassOne"/>
  <testcase name="f" time="0.645" classname="TestNGOnePackage.ClassOne"/>
</testsuite> <!-- TestNGOnePackage.ClassOne -->
