<?xml version="1.0" encoding="UTF-8"?>
<!-- Generated by org.testng.reporters.JUnitReportReporter -->
<testsuite hostname="BNGO-W7" name="systest.net.saisoft.selenium.lab5Test" tests="2" failures="0" timestamp="12 Feb 2015 04:48:46 GMT" time="0.121" errors="0">
  <testcase name="Test2" time="0.001" classname="systest.net.saisoft.selenium.lab5Test"/>
  <testcase name="Test1" time="0.120" classname="systest.net.saisoft.selenium.lab5Test"/>
</testsuite> <!-- systest.net.saisoft.selenium.lab5Test -->
