<?xml version="1.0" encoding="UTF-8"?>
<!-- Generated by org.testng.reporters.JUnitReportReporter -->
<testsuite hostname="BNGO-W7" name="TestNGTwoPackage.ClassTwo" tests="3" failures="0" timestamp="19 Feb 2015 05:54:10 GMT" time="2.549" errors="0">
  <testcase name="addNewRecord" time="2.546" classname="TestNGTwoPackage.ClassTwo"/>
  <testcase name="test3" time="0.002" classname="TestNGTwoPackage.ClassTwo"/>
  <testcase name="test2" time="0.001" classname="TestNGTwoPackage.ClassTwo"/>
</testsuite> <!-- TestNGTwoPackage.ClassTwo -->
